[debug] [2026-01-11T05:10:58.560Z] ----------------------------------------------------------------------
[debug] [2026-01-11T05:10:58.561Z] Command:       /usr/local/bin/node /usr/local/bin/firebase projects:create cerebrum-bio-academy --display-name Cerebrum Biology Academy
[debug] [2026-01-11T05:10:58.561Z] CLI Version:   15.2.1
[debug] [2026-01-11T05:10:58.561Z] Platform:      darwin
[debug] [2026-01-11T05:10:58.561Z] Node Version:  v22.18.0
[debug] [2026-01-11T05:10:58.561Z] Time:          Sun Jan 11 2026 10:40:58 GMT+0530 (India Standard Time)
[debug] [2026-01-11T05:10:58.561Z] ----------------------------------------------------------------------
[debug] 
[debug] [2026-01-11T05:10:58.564Z] > command requires scopes: ["email","openid","https://www.googleapis.com/auth/cloudplatformprojects.readonly","https://www.googleapis.com/auth/firebase","https://www.googleapis.com/auth/cloud-platform"]
[debug] [2026-01-11T05:10:58.564Z] > authorizing via signed-in user (bobbyaiims@gmail.com)
[debug] [2026-01-11T05:10:58.565Z] Checked if tokens are valid: true, expires at: 1768111792691
[debug] [2026-01-11T05:10:58.565Z] Checked if tokens are valid: true, expires at: 1768111792691
[debug] [2026-01-11T05:10:58.566Z] >>> [apiv2][query] POST https://cloudresourcemanager.googleapis.com/v1/projects [none]
[debug] [2026-01-11T05:10:58.566Z] >>> [apiv2][body] POST https://cloudresourcemanager.googleapis.com/v1/projects {"projectId":"cerebrum-bio-academy","name":"Cerebrum Biology Academy"}
[debug] [2026-01-11T05:11:00.160Z] <<< [apiv2][status] POST https://cloudresourcemanager.googleapis.com/v1/projects 200
[debug] [2026-01-11T05:11:00.160Z] <<< [apiv2][body] POST https://cloudresourcemanager.googleapis.com/v1/projects {"name":"operations/create_project.global.5629480317745087844"}
[debug] [2026-01-11T05:11:00.160Z] Checked if tokens are valid: true, expires at: 1768111792691
[debug] [2026-01-11T05:11:00.160Z] Checked if tokens are valid: true, expires at: 1768111792691
[debug] [2026-01-11T05:11:00.160Z] >>> [apiv2][query] GET https://cloudresourcemanager.googleapis.com/v1/operations/create_project.global.5629480317745087844 [none]
[debug] [2026-01-11T05:11:01.636Z] <<< [apiv2][status] GET https://cloudresourcemanager.googleapis.com/v1/operations/create_project.global.5629480317745087844 200
[debug] [2026-01-11T05:11:01.636Z] <<< [apiv2][body] GET https://cloudresourcemanager.googleapis.com/v1/operations/create_project.global.5629480317745087844 {"name":"operations/create_project.global.5629480317745087844","metadata":{"@type":"type.googleapis.com/google.cloudresourcemanager.v1.ProjectCreationStatus","gettable":true,"ready":true},"done":true,"response":{"@type":"type.googleapis.com/google.cloudresourcemanager.v1.Project","projectNumber":"584990434966","projectId":"cerebrum-bio-academy","lifecycleState":"ACTIVE","name":"Cerebrum Biology Academy","createTime":"2026-01-11T05:11:01.058238Z"}}
[debug] [2026-01-11T05:11:01.636Z] Checked if tokens are valid: true, expires at: 1768111792691
[debug] [2026-01-11T05:11:01.636Z] Checked if tokens are valid: true, expires at: 1768111792691
[debug] [2026-01-11T05:11:01.636Z] >>> [apiv2][query] POST https://firebase.googleapis.com/v1beta1/projects/cerebrum-bio-academy:addFirebase [none]
[debug] [2026-01-11T05:11:02.821Z] <<< [apiv2][status] POST https://firebase.googleapis.com/v1beta1/projects/cerebrum-bio-academy:addFirebase 403
[debug] [2026-01-11T05:11:02.821Z] <<< [apiv2][body] POST https://firebase.googleapis.com/v1beta1/projects/cerebrum-bio-academy:addFirebase {"error":{"code":403,"message":"The caller does not have permission","status":"PERMISSION_DENIED"}}
[debug] [2026-01-11T05:11:02.822Z] Request to https://firebase.googleapis.com/v1beta1/projects/cerebrum-bio-academy:addFirebase had HTTP Error: 403, The caller does not have permission
[debug] [2026-01-11T05:11:02.822Z] FirebaseError: Request to https://firebase.googleapis.com/v1beta1/projects/cerebrum-bio-academy:addFirebase had HTTP Error: 403, The caller does not have permission
    at responseToError (/usr/local/lib/node_modules/firebase-tools/lib/responseToError.js:53:12)
    at RetryOperation._fn (/usr/local/lib/node_modules/firebase-tools/lib/apiv2.js:320:77)
    at process.processTicksAndRejections (node:internal/process/task_queues:105:5)
[error] 
[error] Error: Failed to add Firebase to Google Cloud Platform project. See firebase-debug.log for more info.
